<?xml version="1.0" encoding="UTF-8"?>
<testng-results skipped="0" failed="0" ignored="0" total="1" passed="1">
  <reporter-output>
  </reporter-output>
  <suite name="Test Suite" duration-ms="494" started-at="2020-01-28T01:27:11Z" finished-at="2020-01-28T01:27:11Z">
    <groups>
      <group name="cucumber">
        <method signature="TestRunner.feature(cucumber.api.testng.CucumberFeatureWrapper)[pri:0, instance:TestRunnerclasses.TestRunner@9f70c54]" name="feature" class="TestRunnerclasses.TestRunner"/>
      </group> <!-- cucumber -->
    </groups>
    <test name="FREE CRM Test" duration-ms="494" started-at="2020-01-28T01:27:11Z" finished-at="2020-01-28T01:27:11Z">
      <class name="TestRunnerclasses.TestRunner">
        <test-method status="PASS" signature="setUpClass()[pri:0, instance:TestRunnerclasses.TestRunner@9f70c54]" name="setUpClass" is-config="true" duration-ms="186" started-at="2020-01-28T01:27:11Z" finished-at="2020-01-28T01:27:11Z">
          <reporter-output>
          </reporter-output>
        </test-method> <!-- setUpClass -->
        <test-method status="PASS" signature="feature(cucumber.api.testng.CucumberFeatureWrapper)[pri:0, instance:TestRunnerclasses.TestRunner@9f70c54]" name="feature" duration-ms="83" started-at="2020-01-28T01:27:11Z" description="Runs Cucumber Feature" data-provider="features" finished-at="2020-01-28T01:27:11Z">
          <params>
            <param index="0">
              <value>
                <![CDATA[E-bay Login Feature]]>
              </value>
            </param>
          </params>
          <reporter-output>
          </reporter-output>
        </test-method> <!-- feature -->
        <test-method status="PASS" signature="tearDownClass()[pri:0, instance:TestRunnerclasses.TestRunner@9f70c54]" name="tearDownClass" is-config="true" duration-ms="120" started-at="2020-01-28T01:27:11Z" finished-at="2020-01-28T01:27:11Z">
          <reporter-output>
          </reporter-output>
        </test-method> <!-- tearDownClass -->
      </class> <!-- TestRunnerclasses.TestRunner -->
    </test> <!-- FREE CRM Test -->
  </suite> <!-- Test Suite -->
</testng-results>
